TN:
SF:/Users/tripheo2410/Desktop/typeform-resource-server/controllers/form/form.test.js
FN:13,(anonymous_0)
FN:14,(anonymous_1)
FN:16,(anonymous_2)
FN:16,(anonymous_3)
FN:19,(anonymous_4)
FN:23,(anonymous_5)
FN:39,(anonymous_6)
FN:40,(anonymous_7)
FN:57,(anonymous_8)
FN:58,(anonymous_9)
FN:70,(anonymous_10)
FN:77,(anonymous_11)
FN:78,(anonymous_12)
FN:89,(anonymous_13)
FN:90,(anonymous_14)
FN:103,(anonymous_15)
FN:113,(anonymous_16)
FN:114,(anonymous_17)
FN:129,(anonymous_18)
FN:136,(anonymous_19)
FN:137,(anonymous_20)
FN:150,(anonymous_21)
FN:151,(anonymous_22)
FNF:23
FNH:23
FNDA:1,(anonymous_0)
FNDA:7,(anonymous_1)
FNDA:3,(anonymous_2)
FNDA:4,(anonymous_3)
FNDA:7,(anonymous_4)
FNDA:1,(anonymous_5)
FNDA:1,(anonymous_6)
FNDA:1,(anonymous_7)
FNDA:1,(anonymous_8)
FNDA:1,(anonymous_9)
FNDA:1,(anonymous_10)
FNDA:1,(anonymous_11)
FNDA:1,(anonymous_12)
FNDA:1,(anonymous_13)
FNDA:1,(anonymous_14)
FNDA:1,(anonymous_15)
FNDA:1,(anonymous_16)
FNDA:1,(anonymous_17)
FNDA:1,(anonymous_18)
FNDA:1,(anonymous_19)
FNDA:1,(anonymous_20)
FNDA:1,(anonymous_21)
FNDA:1,(anonymous_22)
DA:1,1
DA:2,1
DA:3,1
DA:4,1
DA:5,1
DA:6,1
DA:8,1
DA:11,1
DA:13,1
DA:14,1
DA:15,7
DA:16,7
DA:19,1
DA:20,7
DA:23,1
DA:24,1
DA:39,1
DA:40,1
DA:41,1
DA:42,1
DA:43,1
DA:46,1
DA:49,1
DA:52,1
DA:54,1
DA:57,1
DA:58,1
DA:59,1
DA:60,1
DA:61,1
DA:64,1
DA:66,1
DA:70,1
DA:71,1
DA:77,1
DA:78,1
DA:79,1
DA:80,1
DA:81,1
DA:84,1
DA:86,1
DA:89,1
DA:90,1
DA:91,1
DA:92,1
DA:95,1
DA:99,1
DA:103,1
DA:104,1
DA:113,1
DA:114,1
DA:115,1
DA:116,1
DA:119,1
DA:121,1
DA:125,1
DA:129,1
DA:130,1
DA:136,1
DA:137,1
DA:138,1
DA:139,1
DA:140,1
DA:143,1
DA:147,1
DA:150,1
DA:151,1
DA:152,1
DA:153,1
DA:156,1
DA:160,1
LF:71
LH:71
BRF:0
BRH:0
end_of_record
TN:
SF:/Users/tripheo2410/Desktop/typeform-resource-server/controllers/form/index.js
FN:5,(anonymous_0)
FN:8,(anonymous_1)
FN:13,(anonymous_2)
FN:19,(anonymous_3)
FN:22,(anonymous_4)
FN:25,(anonymous_5)
FN:27,(anonymous_6)
FN:31,(anonymous_7)
FN:34,(anonymous_8)
FN:37,(anonymous_9)
FN:44,(anonymous_10)
FN:47,(anonymous_11)
FN:49,(anonymous_12)
FN:58,(anonymous_13)
FNF:14
FNH:12
FNDA:2,(anonymous_0)
FNDA:1,(anonymous_1)
FNDA:1,(anonymous_2)
FNDA:0,(anonymous_3)
FNDA:1,(anonymous_4)
FNDA:2,(anonymous_5)
FNDA:1,(anonymous_6)
FNDA:1,(anonymous_7)
FNDA:1,(anonymous_8)
FNDA:1,(anonymous_9)
FNDA:0,(anonymous_10)
FNDA:2,(anonymous_11)
FNDA:1,(anonymous_12)
FNDA:1,(anonymous_13)
DA:1,1
DA:2,1
DA:3,1
DA:5,1
DA:6,2
DA:7,2
DA:9,1
DA:10,1
DA:11,1
DA:14,1
DA:15,1
DA:16,1
DA:17,1
DA:19,0
DA:22,1
DA:25,1
DA:26,2
DA:28,1
DA:29,1
DA:31,1
DA:34,1
DA:35,1
DA:36,1
DA:38,1
DA:39,1
DA:40,1
DA:41,1
DA:44,0
DA:47,1
DA:48,2
DA:50,1
DA:51,1
DA:55,1
DA:58,1
DA:61,1
LF:35
LH:33
BRDA:9,0,0,1
BRDA:9,0,1,0
BRDA:28,1,0,1
BRDA:28,1,1,0
BRDA:38,2,0,1
BRDA:38,2,1,0
BRDA:50,3,0,1
BRDA:50,3,1,0
BRF:8
BRH:4
end_of_record
TN:
SF:/Users/tripheo2410/Desktop/typeform-resource-server/controllers/template/index.js
FN:6,(anonymous_0)
FN:9,(anonymous_1)
FN:14,(anonymous_2)
FN:19,(anonymous_3)
FN:22,(anonymous_4)
FN:25,(anonymous_5)
FN:27,(anonymous_6)
FN:31,(anonymous_7)
FN:34,(anonymous_8)
FN:38,(anonymous_9)
FN:42,(anonymous_10)
FN:45,(anonymous_11)
FN:58,(anonymous_12)
FN:62,(anonymous_13)
FN:65,(anonymous_14)
FN:67,(anonymous_15)
FN:77,(anonymous_16)
FNF:17
FNH:13
FNDA:2,(anonymous_0)
FNDA:2,(anonymous_1)
FNDA:1,(anonymous_2)
FNDA:1,(anonymous_3)
FNDA:0,(anonymous_4)
FNDA:2,(anonymous_5)
FNDA:1,(anonymous_6)
FNDA:1,(anonymous_7)
FNDA:2,(anonymous_8)
FNDA:2,(anonymous_9)
FNDA:0,(anonymous_10)
FNDA:1,(anonymous_11)
FNDA:1,(anonymous_12)
FNDA:0,(anonymous_13)
FNDA:1,(anonymous_14)
FNDA:0,(anonymous_15)
FNDA:1,(anonymous_16)
DA:1,1
DA:2,1
DA:3,1
DA:4,1
DA:6,1
DA:7,2
DA:8,2
DA:10,2
DA:11,2
DA:12,2
DA:15,1
DA:16,1
DA:17,1
DA:19,1
DA:22,0
DA:25,1
DA:26,2
DA:28,1
DA:29,1
DA:31,1
DA:34,1
DA:35,2
DA:39,2
DA:40,1
DA:42,0
DA:45,1
DA:46,1
DA:48,1
DA:57,1
DA:59,1
DA:60,1
DA:62,0
DA:65,1
DA:66,1
DA:68,0
DA:69,0
DA:70,0
DA:74,0
DA:77,1
DA:80,1
LF:40
LH:33
BRDA:10,0,0,2
BRDA:10,0,1,0
BRDA:28,1,0,1
BRDA:28,1,1,0
BRDA:39,2,0,1
BRDA:39,2,1,1
BRDA:59,3,0,1
BRDA:59,3,1,0
BRDA:68,4,0,0
BRDA:68,4,1,0
BRF:10
BRH:5
end_of_record
TN:
SF:/Users/tripheo2410/Desktop/typeform-resource-server/controllers/template/template.test.js
FN:16,(anonymous_0)
FN:29,(anonymous_1)
FN:32,(anonymous_2)
FN:36,(anonymous_3)
FN:40,(anonymous_4)
FN:44,(anonymous_5)
FN:45,(anonymous_6)
FN:46,(anonymous_7)
FN:65,(anonymous_8)
FN:66,(anonymous_9)
FN:82,(anonymous_10)
FN:83,(anonymous_11)
FN:84,(anonymous_12)
FN:94,(anonymous_13)
FN:95,(anonymous_14)
FN:108,(anonymous_15)
FN:109,(anonymous_16)
FN:110,(anonymous_17)
FN:125,(anonymous_18)
FN:126,(anonymous_19)
FN:141,(anonymous_20)
FN:142,(anonymous_21)
FN:143,(anonymous_22)
FN:156,(anonymous_23)
FN:157,(anonymous_24)
FN:158,(anonymous_25)
FNF:26
FNH:26
FNDA:1,(anonymous_0)
FNDA:8,(anonymous_1)
FNDA:5,(anonymous_2)
FNDA:3,(anonymous_3)
FNDA:8,(anonymous_4)
FNDA:1,(anonymous_5)
FNDA:1,(anonymous_6)
FNDA:1,(anonymous_7)
FNDA:1,(anonymous_8)
FNDA:1,(anonymous_9)
FNDA:1,(anonymous_10)
FNDA:1,(anonymous_11)
FNDA:1,(anonymous_12)
FNDA:1,(anonymous_13)
FNDA:1,(anonymous_14)
FNDA:1,(anonymous_15)
FNDA:1,(anonymous_16)
FNDA:1,(anonymous_17)
FNDA:1,(anonymous_18)
FNDA:1,(anonymous_19)
FNDA:1,(anonymous_20)
FNDA:1,(anonymous_21)
FNDA:1,(anonymous_22)
FNDA:1,(anonymous_23)
FNDA:1,(anonymous_24)
FNDA:1,(anonymous_25)
DA:1,1
DA:2,1
DA:3,1
DA:4,1
DA:5,1
DA:6,1
DA:7,1
DA:9,1
DA:14,1
DA:16,1
DA:17,1
DA:29,1
DA:30,8
DA:31,8
DA:33,5
DA:34,5
DA:36,3
DA:40,1
DA:41,8
DA:44,1
DA:45,1
DA:46,1
DA:47,1
DA:48,1
DA:49,1
DA:52,1
DA:56,1
DA:60,1
DA:62,1
DA:65,1
DA:66,1
DA:67,1
DA:68,1
DA:69,1
DA:72,1
DA:76,1
DA:78,1
DA:82,1
DA:83,1
DA:84,1
DA:85,1
DA:86,1
DA:89,1
DA:91,1
DA:94,1
DA:95,1
DA:96,1
DA:97,1
DA:100,1
DA:104,1
DA:108,1
DA:109,1
DA:110,1
DA:111,1
DA:112,1
DA:113,1
DA:116,1
DA:117,1
DA:118,1
DA:120,1
DA:122,1
DA:125,1
DA:126,1
DA:127,1
DA:128,1
DA:129,1
DA:132,1
DA:133,1
DA:134,1
DA:135,1
DA:137,1
DA:141,1
DA:142,1
DA:143,1
DA:144,1
DA:145,1
DA:148,1
DA:152,1
DA:156,1
DA:157,1
DA:158,1
DA:159,1
DA:160,1
DA:163,1
DA:167,1
LF:85
LH:85
BRF:0
BRH:0
end_of_record
TN:
SF:/Users/tripheo2410/Desktop/typeform-resource-server/controllers/theme/index.js
FN:8,(anonymous_0)
FN:21,(anonymous_1)
FN:34,(anonymous_2)
FN:39,(anonymous_3)
FN:42,(anonymous_4)
FN:46,(anonymous_5)
FN:51,(anonymous_6)
FN:55,(anonymous_7)
FN:59,(anonymous_8)
FN:61,(anonymous_9)
FN:65,(anonymous_10)
FN:69,(anonymous_11)
FN:71,(anonymous_12)
FN:75,(anonymous_13)
FN:79,(anonymous_14)
FN:102,(anonymous_15)
FN:106,(anonymous_16)
FN:110,(anonymous_17)
FN:114,(anonymous_18)
FN:121,(anonymous_19)
FN:126,(anonymous_20)
FN:130,(anonymous_21)
FN:136,(anonymous_22)
FN:139,(anonymous_23)
FNF:24
FNH:19
FNDA:2,(anonymous_0)
FNDA:2,(anonymous_1)
FNDA:1,(anonymous_2)
FNDA:1,(anonymous_3)
FNDA:0,(anonymous_4)
FNDA:2,(anonymous_5)
FNDA:2,(anonymous_6)
FNDA:0,(anonymous_7)
FNDA:2,(anonymous_8)
FNDA:1,(anonymous_9)
FNDA:1,(anonymous_10)
FNDA:2,(anonymous_11)
FNDA:1,(anonymous_12)
FNDA:1,(anonymous_13)
FNDA:2,(anonymous_14)
FNDA:1,(anonymous_15)
FNDA:1,(anonymous_16)
FNDA:2,(anonymous_17)
FNDA:1,(anonymous_18)
FNDA:0,(anonymous_19)
FNDA:1,(anonymous_20)
FNDA:0,(anonymous_21)
FNDA:0,(anonymous_22)
FNDA:1,(anonymous_23)
DA:1,1
DA:2,1
DA:3,1
DA:4,1
DA:6,1
DA:18,2
DA:19,2
DA:20,2
DA:22,2
DA:23,2
DA:33,2
DA:35,1
DA:36,1
DA:37,1
DA:39,1
DA:42,0
DA:47,2
DA:48,2
DA:52,2
DA:53,1
DA:55,0
DA:60,2
DA:62,1
DA:63,1
DA:65,1
DA:70,2
DA:72,1
DA:73,1
DA:75,1
DA:80,2
DA:90,2
DA:91,2
DA:101,2
DA:103,1
DA:104,1
DA:106,1
DA:111,2
DA:112,2
DA:113,2
DA:115,1
DA:116,1
DA:122,0
DA:125,1
DA:127,1
DA:131,0
DA:134,1
DA:136,0
DA:139,1
LF:48
LH:43
BRDA:22,0,0,2
BRDA:22,0,1,0
BRDA:52,1,0,1
BRDA:52,1,1,1
BRDA:62,2,0,1
BRDA:62,2,1,0
BRDA:72,3,0,1
BRDA:72,3,1,0
BRDA:103,4,0,1
BRDA:103,4,1,0
BRDA:115,5,0,1
BRDA:115,5,1,0
BRDA:122,6,0,0
BRDA:122,6,1,0
BRDA:131,7,0,0
BRDA:131,7,1,0
BRF:16
BRH:7
end_of_record
TN:
SF:/Users/tripheo2410/Desktop/typeform-resource-server/controllers/theme/theme.test.js
FN:31,(anonymous_0)
FN:41,(anonymous_1)
FN:44,(anonymous_2)
FN:48,(anonymous_3)
FN:52,(anonymous_4)
FN:56,(anonymous_5)
FN:57,(anonymous_6)
FN:58,(anonymous_7)
FN:68,(anonymous_8)
FN:72,(anonymous_9)
FN:80,(anonymous_10)
FN:81,(anonymous_11)
FN:84,(anonymous_12)
FN:91,(anonymous_13)
FN:96,(anonymous_14)
FN:104,(anonymous_15)
FN:105,(anonymous_16)
FN:113,(anonymous_17)
FN:120,(anonymous_18)
FN:128,(anonymous_19)
FN:136,(anonymous_20)
FN:137,(anonymous_21)
FN:140,(anonymous_22)
FN:147,(anonymous_23)
FN:152,(anonymous_24)
FN:160,(anonymous_25)
FN:161,(anonymous_26)
FN:166,(anonymous_27)
FN:173,(anonymous_28)
FN:178,(anonymous_29)
FN:186,(anonymous_30)
FN:187,(anonymous_31)
FN:195,(anonymous_32)
FN:202,(anonymous_33)
FN:210,(anonymous_34)
FNF:35
FNH:35
FNDA:1,(anonymous_0)
FNDA:12,(anonymous_1)
FNDA:9,(anonymous_2)
FNDA:3,(anonymous_3)
FNDA:12,(anonymous_4)
FNDA:1,(anonymous_5)
FNDA:1,(anonymous_6)
FNDA:1,(anonymous_7)
FNDA:1,(anonymous_8)
FNDA:1,(anonymous_9)
FNDA:1,(anonymous_10)
FNDA:1,(anonymous_11)
FNDA:1,(anonymous_12)
FNDA:1,(anonymous_13)
FNDA:1,(anonymous_14)
FNDA:1,(anonymous_15)
FNDA:1,(anonymous_16)
FNDA:1,(anonymous_17)
FNDA:1,(anonymous_18)
FNDA:1,(anonymous_19)
FNDA:1,(anonymous_20)
FNDA:1,(anonymous_21)
FNDA:1,(anonymous_22)
FNDA:1,(anonymous_23)
FNDA:1,(anonymous_24)
FNDA:1,(anonymous_25)
FNDA:1,(anonymous_26)
FNDA:1,(anonymous_27)
FNDA:1,(anonymous_28)
FNDA:1,(anonymous_29)
FNDA:1,(anonymous_30)
FNDA:1,(anonymous_31)
FNDA:1,(anonymous_32)
FNDA:1,(anonymous_33)
FNDA:1,(anonymous_34)
DA:1,1
DA:2,1
DA:3,1
DA:4,1
DA:5,1
DA:6,1
DA:7,1
DA:8,1
DA:10,1
DA:12,1
DA:15,1
DA:16,1
DA:31,1
DA:32,1
DA:41,1
DA:42,12
DA:43,12
DA:45,9
DA:46,9
DA:48,3
DA:52,1
DA:53,12
DA:56,1
DA:57,1
DA:58,1
DA:59,1
DA:60,1
DA:61,1
DA:63,1
DA:64,1
DA:65,1
DA:66,1
DA:68,1
DA:69,1
DA:70,1
DA:71,1
DA:72,1
DA:73,1
DA:74,1
DA:75,1
DA:80,1
DA:81,1
DA:82,1
DA:83,1
DA:84,1
DA:85,1
DA:86,1
DA:87,1
DA:91,1
DA:92,1
DA:95,1
DA:96,1
DA:97,1
DA:98,1
DA:99,1
DA:104,1
DA:105,1
DA:106,1
DA:107,1
DA:108,1
DA:109,1
DA:111,1
DA:113,1
DA:114,1
DA:115,1
DA:116,1
DA:120,1
DA:121,1
DA:122,1
DA:123,1
DA:124,1
DA:126,1
DA:128,1
DA:129,1
DA:130,1
DA:131,1
DA:136,1
DA:137,1
DA:138,1
DA:139,1
DA:140,1
DA:141,1
DA:142,1
DA:143,1
DA:147,1
DA:148,1
DA:151,1
DA:152,1
DA:153,1
DA:154,1
DA:155,1
DA:160,1
DA:161,1
DA:162,1
DA:165,1
DA:166,1
DA:167,1
DA:168,1
DA:169,1
DA:173,1
DA:174,1
DA:177,1
DA:178,1
DA:179,1
DA:180,1
DA:181,1
DA:186,1
DA:187,1
DA:188,1
DA:189,1
DA:190,1
DA:191,1
DA:194,1
DA:195,1
DA:196,1
DA:197,1
DA:198,1
DA:202,1
DA:203,1
DA:204,1
DA:205,1
DA:206,1
DA:209,1
DA:210,1
DA:211,1
DA:212,1
DA:213,1
LF:127
LH:127
BRF:0
BRH:0
end_of_record
TN:
SF:/Users/tripheo2410/Desktop/typeform-resource-server/controllers/workspace/index.js
FN:9,(anonymous_0)
FN:13,(anonymous_1)
FN:22,(anonymous_2)
FN:27,(anonymous_3)
FN:30,(anonymous_4)
FN:33,(anonymous_5)
FN:38,(anonymous_6)
FN:42,(anonymous_7)
FN:46,(anonymous_8)
FN:55,(anonymous_9)
FN:59,(anonymous_10)
FN:63,(anonymous_11)
FN:73,(anonymous_12)
FN:77,(anonymous_13)
FN:81,(anonymous_14)
FN:84,(anonymous_15)
FN:87,(anonymous_16)
FN:90,(anonymous_17)
FN:91,(anonymous_18)
FN:99,(anonymous_19)
FN:100,(anonymous_20)
FN:103,(anonymous_21)
FNF:22
FNH:18
FNDA:2,(anonymous_0)
FNDA:2,(anonymous_1)
FNDA:1,(anonymous_2)
FNDA:1,(anonymous_3)
FNDA:0,(anonymous_4)
FNDA:2,(anonymous_5)
FNDA:2,(anonymous_6)
FNDA:0,(anonymous_7)
FNDA:2,(anonymous_8)
FNDA:2,(anonymous_9)
FNDA:0,(anonymous_10)
FNDA:2,(anonymous_11)
FNDA:1,(anonymous_12)
FNDA:1,(anonymous_13)
FNDA:2,(anonymous_14)
FNDA:1,(anonymous_15)
FNDA:1,(anonymous_16)
FNDA:1,(anonymous_17)
FNDA:1,(anonymous_18)
FNDA:1,(anonymous_19)
FNDA:0,(anonymous_20)
FNDA:1,(anonymous_21)
DA:1,1
DA:2,1
DA:3,1
DA:4,1
DA:5,1
DA:7,1
DA:10,2
DA:11,2
DA:12,2
DA:14,2
DA:15,2
DA:21,2
DA:23,1
DA:24,1
DA:25,1
DA:27,1
DA:30,0
DA:34,2
DA:35,2
DA:39,2
DA:40,1
DA:42,0
DA:47,2
DA:56,2
DA:57,1
DA:59,0
DA:64,2
DA:65,2
DA:72,2
DA:74,1
DA:75,1
DA:77,1
DA:82,2
DA:83,2
DA:85,1
DA:86,1
DA:88,1
DA:90,1
DA:92,1
DA:99,1
DA:100,0
DA:103,1
LF:42
LH:38
BRDA:14,0,0,2
BRDA:14,0,1,0
BRDA:39,1,0,1
BRDA:39,1,1,1
BRDA:56,2,0,1
BRDA:56,2,1,1
BRDA:74,3,0,1
BRDA:74,3,1,0
BRDA:85,4,0,1
BRDA:85,4,1,0
BRF:10
BRH:7
end_of_record
TN:
SF:/Users/tripheo2410/Desktop/typeform-resource-server/controllers/workspace/workspace.test.js
FN:26,(anonymous_0)
FN:37,(anonymous_1)
FN:40,(anonymous_2)
FN:44,(anonymous_3)
FN:48,(anonymous_4)
FN:52,(anonymous_5)
FN:53,(anonymous_6)
FN:58,(anonymous_7)
FN:64,(anonymous_8)
FN:68,(anonymous_9)
FN:76,(anonymous_10)
FN:77,(anonymous_11)
FN:85,(anonymous_12)
FN:92,(anonymous_13)
FN:100,(anonymous_14)
FN:108,(anonymous_15)
FN:109,(anonymous_16)
FN:117,(anonymous_17)
FN:124,(anonymous_18)
FN:132,(anonymous_19)
FN:140,(anonymous_20)
FN:141,(anonymous_21)
FN:146,(anonymous_22)
FN:153,(anonymous_23)
FN:158,(anonymous_24)
FN:166,(anonymous_25)
FN:167,(anonymous_26)
FN:178,(anonymous_27)
FN:185,(anonymous_28)
FN:194,(anonymous_29)
FNF:30
FNH:30
FNDA:1,(anonymous_0)
FNDA:10,(anonymous_1)
FNDA:5,(anonymous_2)
FNDA:5,(anonymous_3)
FNDA:10,(anonymous_4)
FNDA:1,(anonymous_5)
FNDA:1,(anonymous_6)
FNDA:1,(anonymous_7)
FNDA:1,(anonymous_8)
FNDA:1,(anonymous_9)
FNDA:1,(anonymous_10)
FNDA:1,(anonymous_11)
FNDA:1,(anonymous_12)
FNDA:1,(anonymous_13)
FNDA:1,(anonymous_14)
FNDA:1,(anonymous_15)
FNDA:1,(anonymous_16)
FNDA:1,(anonymous_17)
FNDA:1,(anonymous_18)
FNDA:1,(anonymous_19)
FNDA:1,(anonymous_20)
FNDA:1,(anonymous_21)
FNDA:1,(anonymous_22)
FNDA:1,(anonymous_23)
FNDA:1,(anonymous_24)
FNDA:1,(anonymous_25)
FNDA:1,(anonymous_26)
FNDA:1,(anonymous_27)
FNDA:1,(anonymous_28)
FNDA:1,(anonymous_29)
DA:1,1
DA:2,1
DA:3,1
DA:4,1
DA:5,1
DA:6,1
DA:7,1
DA:8,1
DA:9,1
DA:11,1
DA:13,1
DA:16,1
DA:17,1
DA:26,1
DA:27,1
DA:37,1
DA:38,10
DA:39,10
DA:41,5
DA:42,5
DA:44,5
DA:48,1
DA:49,10
DA:52,1
DA:53,1
DA:54,1
DA:55,1
DA:56,1
DA:57,1
DA:58,1
DA:59,1
DA:60,1
DA:61,1
DA:64,1
DA:65,1
DA:66,1
DA:67,1
DA:68,1
DA:69,1
DA:70,1
DA:71,1
DA:76,1
DA:77,1
DA:78,1
DA:79,1
DA:80,1
DA:81,1
DA:83,1
DA:85,1
DA:86,1
DA:87,1
DA:88,1
DA:92,1
DA:93,1
DA:94,1
DA:95,1
DA:96,1
DA:98,1
DA:100,1
DA:101,1
DA:102,1
DA:103,1
DA:108,1
DA:109,1
DA:110,1
DA:111,1
DA:112,1
DA:113,1
DA:115,1
DA:117,1
DA:118,1
DA:119,1
DA:120,1
DA:124,1
DA:125,1
DA:126,1
DA:127,1
DA:128,1
DA:130,1
DA:132,1
DA:133,1
DA:134,1
DA:135,1
DA:140,1
DA:141,1
DA:142,1
DA:145,1
DA:146,1
DA:147,1
DA:148,1
DA:150,1
DA:153,1
DA:154,1
DA:157,1
DA:158,1
DA:159,1
DA:160,1
DA:161,1
DA:166,1
DA:167,1
DA:168,1
DA:171,1
DA:172,1
DA:173,1
DA:174,1
DA:177,1
DA:178,1
DA:179,1
DA:180,1
DA:182,1
DA:185,1
DA:186,1
DA:189,1
DA:190,1
DA:191,1
DA:192,1
DA:193,1
DA:194,1
DA:195,1
DA:196,1
DA:197,1
LF:121
LH:121
BRF:0
BRH:0
end_of_record
TN:
SF:/Users/tripheo2410/Desktop/typeform-resource-server/models/form.js
FN:16,(anonymous_0)
FNF:1
FNH:0
FNDA:0,(anonymous_0)
DA:1,1
DA:2,1
DA:3,1
DA:4,1
DA:6,1
DA:8,1
DA:16,0
DA:28,1
DA:30,1
LF:9
LH:8
BRF:0
BRH:0
end_of_record
TN:
SF:/Users/tripheo2410/Desktop/typeform-resource-server/models/question.js
FNF:0
FNH:0
DA:1,1
DA:3,1
DA:5,1
DA:21,1
LF:4
LH:4
BRF:0
BRH:0
end_of_record
TN:
SF:/Users/tripheo2410/Desktop/typeform-resource-server/models/template.js
FNF:0
FNH:0
DA:1,1
DA:2,1
DA:4,1
DA:6,1
DA:23,1
DA:25,1
LF:6
LH:6
BRF:0
BRH:0
end_of_record
TN:
SF:/Users/tripheo2410/Desktop/typeform-resource-server/models/theme.js
FNF:0
FNH:0
DA:1,1
DA:3,1
DA:5,1
DA:23,1
DA:25,1
LF:5
LH:5
BRF:0
BRH:0
end_of_record
TN:
SF:/Users/tripheo2410/Desktop/typeform-resource-server/models/user.js
FN:70,(anonymous_0)
FN:88,(anonymous_1)
FNF:2
FNH:0
FNDA:0,(anonymous_0)
FNDA:0,(anonymous_1)
DA:1,1
DA:2,1
DA:4,1
DA:6,1
DA:70,1
DA:71,0
DA:72,0
DA:73,0
DA:75,0
DA:76,0
DA:77,0
DA:79,0
DA:80,0
DA:81,0
DA:82,0
DA:84,0
DA:88,1
DA:89,0
DA:90,0
DA:92,0
DA:96,1
DA:98,1
LF:22
LH:8
BRDA:72,0,0,0
BRDA:72,0,1,0
BRDA:76,1,0,0
BRDA:76,1,1,0
BRF:4
BRH:0
end_of_record
TN:
SF:/Users/tripheo2410/Desktop/typeform-resource-server/models/workspace.js
FNF:0
FNH:0
DA:1,1
DA:3,1
DA:5,1
DA:18,1
DA:20,1
LF:5
LH:5
BRF:0
BRH:0
end_of_record
TN:
SF:/Users/tripheo2410/Desktop/typeform-resource-server/utils/capitalize.js
FN:1,(anonymous_0)
FNF:1
FNH:1
FNDA:4,(anonymous_0)
DA:1,4
DA:3,1
LF:2
LH:2
BRF:0
BRH:0
end_of_record
TN:
SF:/Users/tripheo2410/Desktop/typeform-resource-server/utils/handleResponse.js
FN:8,(anonymous_0)
FN:13,(anonymous_1)
FNF:2
FNH:2
FNDA:4,(anonymous_0)
FNDA:26,(anonymous_1)
DA:1,1
DA:2,1
DA:4,1
DA:6,1
DA:8,1
DA:9,4
DA:10,4
DA:13,1
DA:14,26
DA:15,4
DA:16,4
DA:18,22
DA:21,1
LF:13
LH:13
BRDA:14,0,0,4
BRDA:14,0,1,22
BRF:2
BRH:2
end_of_record
TN:
SF:/Users/tripheo2410/Desktop/typeform-resource-server/utils/isEmpty/index.js
FN:1,(anonymous_0)
FNF:1
FNH:1
FNDA:26,(anonymous_0)
DA:1,1
DA:2,26
DA:8,1
LF:3
LH:3
BRDA:2,0,0,26
BRDA:2,0,1,22
BRDA:2,0,2,22
BRDA:2,0,3,22
BRDA:2,0,4,22
BRDA:2,0,5,22
BRDA:2,0,6,0
BRF:7
BRH:6
end_of_record
